# JRE version: 7.0_11-b21
# Java VM: Java HotSpot(TM) Client VM (23.6-b04 mixed mode windows-x86 )
Heap
 def new generation   total 25216K, used 4349K [0x7fff0000, 0x81b40000, 0x8f3f0000)
  eden space 22464K,  10% used [0x7fff0000, 0x80227040, 0x815e0000)
  from space 2752K,  75% used [0x81890000, 0x81a985b0, 0x81b40000)
  to   space 2752K,   0% used [0x815e0000, 0x815e0000, 0x81890000)
 tenured generation   total 83824K, used 62113K [0x8f3f0000, 0x945cc000, 0xbcff0000)
   the space 83824K,  74% used [0x8f3f0000, 0x93098648, 0x93098800, 0x945cc000)
 compacting perm gen  total 39680K, used 39447K [0xbcff0000, 0xbf6b0000, 0xc2ff0000)
   the space 39680K,  99% used [0xbcff0000, 0xbf675f90, 0xbf676000, 0xbf6b0000)
GC Heap History (10 events):
Event: 176.104 GC heap before
{Heap before GC invocations=135 (full 2):
 def new generation   total 25216K, used 24301K [0x7fff0000, 0x81b40000, 0x8f3f0000)
  eden space 22464K, 100% used [0x7fff0000, 0x815e0000, 0x815e0000)
  from space 2752K,  66% used [0x81890000, 0x81a5b648, 0x81b40000)
  to   space 2752K,   0% used [0x815e0000, 0x815e0000, 0x81890000)
 tenured generation   total 83824K, used 59807K [0x8f3f0000, 0x945cc000, 0xbcff0000)
   the space 83824K,  71% used [0x8f3f0000, 0x92e57f18, 0x92e58000, 0x945cc000)
 compacting perm gen  total 38400K, used 38234K [0xbcff0000, 0xbf570000, 0xc2ff0000)
   the space 38400K,  99% used [0xbcff0000, 0xbf546af8, 0xbf546c00, 0xbf570000)
No shared spaces configured.
Event: 176.109 GC heap after
Heap after GC invocations=136 (full 2):
 def new generation   total 25216K, used 907K [0x7fff0000, 0x81b40000, 0x8f3f0000)
  eden space 22464K,   0% used [0x7fff0000, 0x7fff0000, 0x815e0000)
  from space 2752K,  32% used [0x815e0000, 0x816c2c58, 0x81890000)
  to   space 2752K,   0% used [0x81890000, 0x81890000, 0x81b40000)
 tenured generation   total 83824K, used 60922K [0x8f3f0000, 0x945cc000, 0xbcff0000)
   the space 83824K,  72% used [0x8f3f0000, 0x92f6e8c0, 0x92f6ea00, 0x945cc000)
 compacting perm gen  total 38400K, used 38234K [0xbcff0000, 0xbf570000, 0xc2ff0000)
   the space 38400K,  99% used [0xbcff0000, 0xbf546af8, 0xbf546c00, 0xbf570000)
No shared spaces configured.
}
Event: 176.177 GC heap before
{Heap before GC invocations=136 (full 2):
 def new generation   total 25216K, used 23371K [0x7fff0000, 0x81b40000, 0x8f3f0000)
  eden space 22464K, 100% used [0x7fff0000, 0x815e0000, 0x815e0000)
  from space 2752K,  32% used [0x815e0000, 0x816c2c58, 0x81890000)
  to   space 2752K,   0% used [0x81890000, 0x81890000, 0x81b40000)
 tenured generation   total 83824K, used 60922K [0x8f3f0000, 0x945cc000, 0xbcff0000)
   the space 83824K,  72% used [0x8f3f0000, 0x92f6e8c0, 0x92f6ea00, 0x945cc000)
 compacting perm gen  total 38656K, used 38434K [0xbcff0000, 0xbf5b0000, 0xc2ff0000)
   the space 38656K,  99% used [0xbcff0000, 0xbf578be8, 0xbf578c00, 0xbf5b0000)
No shared spaces configured.
Event: 176.181 GC heap after
Heap after GC invocations=137 (full 2):
 def new generation   total 25216K, used 949K [0x7fff0000, 0x81b40000, 0x8f3f0000)
  eden space 22464K,   0% used [0x7fff0000, 0x7fff0000, 0x815e0000)
  from space 2752K,  34% used [0x81890000, 0x8197d4a8, 0x81b40000)
  to   space 2752K,   0% used [0x815e0000, 0x815e0000, 0x81890000)
 tenured generation   total 83824K, used 60922K [0x8f3f0000, 0x945cc000, 0xbcff0000)
   the space 83824K,  72% used [0x8f3f0000, 0x92f6e8c0, 0x92f6ea00, 0x945cc000)
 compacting perm gen  total 38656K, used 38434K [0xbcff0000, 0xbf5b0000, 0xc2ff0000)
   the space 38656K,  99% used [0xbcff0000, 0xbf578be8, 0xbf578c00, 0xbf5b0000)
No shared spaces configured.
}
Event: 176.288 GC heap before
{Heap before GC invocations=137 (full 2):
 def new generation   total 25216K, used 23413K [0x7fff0000, 0x81b40000, 0x8f3f0000)
  eden space 22464K, 100% used [0x7fff0000, 0x815e0000, 0x815e0000)
  from space 2752K,  34% used [0x81890000, 0x8197d4a8, 0x81b40000)
  to   space 2752K,   0% used [0x815e0000, 0x815e0000, 0x81890000)
 tenured generation   total 83824K, used 60922K [0x8f3f0000, 0x945cc000, 0xbcff0000)
   the space 83824K,  72% used [0x8f3f0000, 0x92f6e8c0, 0x92f6ea00, 0x945cc000)
 compacting perm gen  total 38912K, used 38783K [0xbcff0000, 0xbf5f0000, 0xc2ff0000)
   the space 38912K,  99% used [0xbcff0000, 0xbf5cfde8, 0xbf5cfe00, 0xbf5f0000)
No shared spaces configured.
Event: 176.293 GC heap after
Heap after GC invocations=138 (full 2):
 def new generation   total 25216K, used 1705K [0x7fff0000, 0x81b40000, 0x8f3f0000)
  eden space 22464K,   0% used [0x7fff0000, 0x7fff0000, 0x815e0000)
  from space 2752K,  61% used [0x815e0000, 0x8178a6e8, 0x81890000)
  to   space 2752K,   0% used [0x81890000, 0x81890000, 0x81b40000)
 tenured generation   total 83824K, used 60922K [0x8f3f0000, 0x945cc000, 0xbcff0000)
   the space 83824K,  72% used [0x8f3f0000, 0x92f6e8c0, 0x92f6ea00, 0x945cc000)
 compacting perm gen  total 38912K, used 38783K [0xbcff0000, 0xbf5f0000, 0xc2ff0000)
   the space 38912K,  99% used [0xbcff0000, 0xbf5cfde8, 0xbf5cfe00, 0xbf5f0000)
No shared spaces configured.
}
Event: 176.404 GC heap before
{Heap before GC invocations=138 (full 2):
 def new generation   total 25216K, used 24169K [0x7fff0000, 0x81b40000, 0x8f3f0000)
  eden space 22464K, 100% used [0x7fff0000, 0x815e0000, 0x815e0000)
  from space 2752K,  61% used [0x815e0000, 0x8178a6e8, 0x81890000)
  to   space 2752K,   0% used [0x81890000, 0x81890000, 0x81b40000)
 tenured generation   total 83824K, used 60922K [0x8f3f0000, 0x945cc000, 0xbcff0000)
   the space 83824K,  72% used [0x8f3f0000, 0x92f6e8c0, 0x92f6ea00, 0x945cc000)
 compacting perm gen  total 39168K, used 39086K [0xbcff0000, 0xbf630000, 0xc2ff0000)
   the space 39168K,  99% used [0xbcff0000, 0xbf61bba8, 0xbf61bc00, 0xbf630000)
No shared spaces configured.
Event: 176.411 GC heap after
Heap after GC invocations=139 (full 2):
 def new generation   total 25216K, used 1761K [0x7fff0000, 0x81b40000, 0x8f3f0000)
  eden space 22464K,   0% used [0x7fff0000, 0x7fff0000, 0x815e0000)
  from space 2752K,  64% used [0x81890000, 0x81a48578, 0x81b40000)
  to   space 2752K,   0% used [0x815e0000, 0x815e0000, 0x81890000)
 tenured generation   total 83824K, used 61298K [0x8f3f0000, 0x945cc000, 0xbcff0000)
   the space 83824K,  73% used [0x8f3f0000, 0x92fcca48, 0x92fccc00, 0x945cc000)
 compacting perm gen  total 39168K, used 39086K [0xbcff0000, 0xbf630000, 0xc2ff0000)
   the space 39168K,  99% used [0xbcff0000, 0xbf61bba8, 0xbf61bc00, 0xbf630000)
No shared spaces configured.
}
Event: 176.481 GC heap before
{Heap before GC invocations=139 (full 2):
 def new generation   total 25216K, used 24225K [0x7fff0000, 0x81b40000, 0x8f3f0000)
  eden space 22464K, 100% used [0x7fff0000, 0x815e0000, 0x815e0000)
  from space 2752K,  64% used [0x81890000, 0x81a48578, 0x81b40000)
  to   space 2752K,   0% used [0x815e0000, 0x815e0000, 0x81890000)
 tenured generation   total 83824K, used 61298K [0x8f3f0000, 0x945cc000, 0xbcff0000)
   the space 83824K,  73% used [0x8f3f0000, 0x92fcca48, 0x92fccc00, 0x945cc000)
 compacting perm gen  total 39424K, used 39274K [0xbcff0000, 0xbf670000, 0xc2ff0000)
   the space 39424K,  99% used [0xbcff0000, 0xbf64ab98, 0xbf64ac00, 0xbf670000)
No shared spaces configured.
Event: 176.487 GC heap after
Heap after GC invocations=140 (full 2):
 def new generation   total 25216K, used 976K [0x7fff0000, 0x81b40000, 0x8f3f0000)
  eden space 22464K,   0% used [0x7fff0000, 0x7fff0000, 0x815e0000)
  from space 2752K,  35% used [0x815e0000, 0x816d4218, 0x81890000)
  to   space 2752K,   0% used [0x81890000, 0x81890000, 0x81b40000)
 tenured generation   total 83824K, used 62113K [0x8f3f0000, 0x945cc000, 0xbcff0000)
   the space 83824K,  74% used [0x8f3f0000, 0x93098648, 0x93098800, 0x945cc000)
 compacting perm gen  total 39424K, used 39274K [0xbcff0000, 0xbf670000, 0xc2ff0000)
   the space 39424K,  99% used [0xbcff0000, 0xbf64ab98, 0xbf64ac00, 0xbf670000)
No shared spaces configured.
}

